


ARM Macro Assembler    Page 1 


    1 00000000         ;/******************************************************
                       ***********************
    2 00000000         ; * @file:    startup_QN908X.s
    3 00000000         ; * @purpose: CMSIS Cortex-M4 Core Device Startup File f
                       or the
    4 00000000         ; *           QN908X
    5 00000000         ; * @version: 1.0
    6 00000000         ; * @date:    2016-6-24
    7 00000000         ; *
    8 00000000         ; * Copyright: 1997 - 2016 Freescale Semiconductor, Inc.
                        All Rights Reserved.
    9 00000000         ; * Copyright 2016 - 2017 NXP
   10 00000000         ; * All rights reserved.
   11 00000000         ; * 
   12 00000000         ; * SPDX-License-Identifier: BSD-3-Clause
   13 00000000         ; *
   14 00000000         ; *------- <<< Use Configuration Wizard in Context Menu 
                       >>> ------------------
   15 00000000         ; *
   16 00000000         ; ******************************************************
                       ***********************/
   17 00000000         
   18 00000000         
   19 00000000                 PRESERVE8
   20 00000000                 THUMB
   21 00000000         
   22 00000000         ; Vector Table Mapped to Address 0 at Reset
   23 00000000                 AREA             RESET, DATA, READONLY
   24 00000000                 EXPORT           __Vectors
   25 00000000                 IMPORT           |Image$$ARM_LIB_STACK$$ZI$$Limi
t|
   26 00000000         
   27 00000000 00000000 
                       __Vectors
                               DCD              |Image$$ARM_LIB_STACK$$ZI$$Limi
t| 
                                                            ; Top of Stack
   28 00000004 00000000        DCD              Reset_Handler ; Reset Handler
   29 00000008         
   30 00000008 00000000        DCD              NMI_Handler
   31 0000000C 00000000        DCD              HardFault_Handler
   32 00000010 00000000        DCD              MemManage_Handler
   33 00000014 00000000        DCD              BusFault_Handler
   34 00000018 00000000        DCD              UsageFault_Handler
   35 0000001C         __vector_table_0x1c
   36 0000001C 00000000        DCD              0x00000000  ; Checksum of the f
                                                            irst 7 words
   37 00000020 000AA8FF        DCD              0x000AA8FF  ; CRP
   38 00000024 00000000        DCD              0x00000000  ; Image type: Legac
                                                            y = 0x00000000, Enh
                                                            anced = 0xEDDC9494
   39 00000028 00000000        DCD              0x00000000  ; Pointer to image 
                                                            header
   40 0000002C 00000000        DCD              SVC_Handler
   41 00000030 00000000        DCD              DebugMon_Handler
   42 00000034 00000000        DCD              0
   43 00000038 00000000        DCD              PendSV_Handler
   44 0000003C 00000000        DCD              SysTick_Handler
   45 00000040         



ARM Macro Assembler    Page 2 


   46 00000040         ; External Interrupts
   47 00000040 00000000        DCD              EXT_GPIO_WAKEUP_IRQHandler 
                                                            ;  0:  IO wakeup
   48 00000044 00000000        DCD              OSC_IRQHandler ;  1:  BLE oscil
                                                            lator wakeup
   49 00000048 00000000        DCD              ACMP0_IRQHandler ;  2:  ACMP0
   50 0000004C 00000000        DCD              ACMP1_IRQHandler ;  3:  ACMP1
   51 00000050 00000000        DCD              0           ;  4:  Reserved
   52 00000054 00000000        DCD              RTC_SEC_IRQHandler ;  5:  RTC s
                                                            econd match
   53 00000058 00000000        DCD              RTC_FR_IRQHandler ;  6:  RTC fr
                                                            ee running match
   54 0000005C 00000000        DCD              CS_WAKEUP_IRQHandler ;  7:  Cap
                                                            sense wakeup
   55 00000060 00000000        DCD              CS_IRQHandler ;  8:  Capsense d
                                                            etection
   56 00000064 00000000        DCD              GPIOA_IRQHandler ;  9:  GPIOA
   57 00000068 00000000        DCD              GPIOB_IRQHandler ; 10:  GPIOB
   58 0000006C 00000000        DCD              DMA0_IRQHandler ; 11:  DMA
   59 00000070 00000000        DCD              PIN_INT0_IRQHandler 
                                                            ; 12:  PINT0
   60 00000074 00000000        DCD              PIN_INT1_IRQHandler 
                                                            ; 13:  PINT1
   61 00000078 00000000        DCD              PIN_INT2_IRQHandler 
                                                            ; 14:  PINT2
   62 0000007C 00000000        DCD              PIN_INT3_IRQHandler 
                                                            ; 15:  PINT3
   63 00000080 00000000        DCD              OSC_INT_LOW_IRQHandler ; 16:  I
                                                            nverse of OSC_INT
   64 00000084 00000000        DCD              USB0_IRQHandler ; 17:  USB
   65 00000088 00000000        DCD              FLEXCOMM0_IRQHandler 
                                                            ; 18:  FLEXCOMM0
   66 0000008C 00000000        DCD              FLEXCOMM1_IRQHandler 
                                                            ; 19:  FLEXCOMM1
   67 00000090 00000000        DCD              FLEXCOMM2_IRQHandler 
                                                            ; 20:  FLEXCOMM2
   68 00000094 00000000        DCD              FLEXCOMM3_IRQHandler 
                                                            ; 21:  FLEXCOMM3
   69 00000098 00000000        DCD              BLE_IRQHandler ; 22:  BLE
   70 0000009C 00000000        DCD              FSP_IRQHandler ; 23:  FSP
   71 000000A0 00000000        DCD              QDEC0_IRQHandler ; 24:  QDEC0
   72 000000A4 00000000        DCD              QDEC1_IRQHandler ; 25:  QDEC1
   73 000000A8 00000000        DCD              CTIMER0_IRQHandler 
                                                            ; 26:  Timer 0
   74 000000AC 00000000        DCD              CTIMER1_IRQHandler 
                                                            ; 27:  Timer 1
   75 000000B0 00000000        DCD              CTIMER2_IRQHandler 
                                                            ; 28:  Timer 2
   76 000000B4 00000000        DCD              CTIMER3_IRQHandler 
                                                            ; 29:  Timer 3
   77 000000B8 00000000        DCD              WDT_IRQHandler ; 30:  Watchdog 
                                                            Timer
   78 000000BC 00000000        DCD              ADC_IRQHandler ; 31:  ADC
   79 000000C0 00000000        DCD              DAC_IRQHandler ; 32:  DAC
   80 000000C4 00000000        DCD              XTAL_READY_IRQHandler 
                                                            ; 33:  XTAL ready
   81 000000C8 00000000        DCD              FLASH_IRQHandler ; 34:  FLASH
   82 000000CC 00000000        DCD              SPIFI0_IRQHandler ; 35:  SPIFI
   83 000000D0 00000000        DCD              SCT0_IRQHandler ; 36:  SCT



ARM Macro Assembler    Page 3 


   84 000000D4 00000000        DCD              0           ; 37:  Reserved
   85 000000D8 00000000        DCD              RNG_IRQHandler ; 38:  RNG
   86 000000DC 00000000        DCD              0           ; 39:  Reserved
   87 000000E0 00000000        DCD              CALIB_IRQHandler 
                                                            ; 40:  Calibration
   88 000000E4 00000000        DCD              0           ; 41:  Reserved
   89 000000E8 00000000        DCD              BLE_TX_IRQHandler ; 42:  BLE Tx
                                                            
   90 000000EC 00000000        DCD              BLE_RX_IRQHandler ; 43:  BLE Rx
                                                            
   91 000000F0 00000000        DCD              BLE_FREQ_HOP_IRQHandler 
                                                            ; 44:  BLE FREQ HOP
                                                            
   92 000000F4 00000000        DCD              0           ; 45:  Reserved
   93 000000F8 00000000        DCD              0           ; 46:  Reserved
   94 000000FC 00000000        DCD              0           ; 47:  Reserved
   95 00000100 00000000        DCD              0           ; 48:  Reserved
   96 00000104 00000000        DCD              0           ; 49:  Reserved
   97 00000108 00000000        DCD              0           ; 50:  Reserved
   98 0000010C 00000000        DCD              BOD_IRQHandler ; 51:  BOD
   99 00000110 00000000        DCD              0x00000000  ; 52:  Boot feature
                                                            
  100 00000114         
  101 00000114                 AREA             |.text|, CODE, READONLY
  102 00000000         
  103 00000000         Reset_Handler
                               PROC
  104 00000000                 EXPORT           Reset_Handler                  
 [WEAK]
  105 00000000         
  106 00000000         ; write 1 to SYS_MODE_CTRL's REMAP bit to remap flash at
                        address 0x0
  107 00000000 4935            LDR              R1, =0x40000014 ; SYS_MODE_CTRL
                                                            
  108 00000002 6808            LDR              R0, [R1]
  109 00000004 F04F 0201       LDR              R2, =0x00000001
  110 00000008 EA40 0002       ORR              R0, R0, R2
  111 0000000C 6008            STR              R0, [R1]
  112 0000000E         
  113 0000000E 4833            LDR              R0, =|Image$$ARM_LIB_STACK$$ZI$
$Limit|
  114 00000010 F380 8808       MSR              MSP, R0
  115 00000014         
  116 00000014                 IMPORT           SystemInit
  117 00000014                 IMPORT           __main
  118 00000014 4832            LDR              R0, =SystemInit
  119 00000016 4780            BLX              R0
  120 00000018 4832            LDR              R0, =__main
  121 0000001A 4700            BX               R0
  122 0000001C                 ENDP
  123 0000001C                 ALIGN
  124 0000001C         
  125 0000001C         ; Dummy Exception Handlers (infinite loops which can be 
                       modified)
  126 0000001C         NMI_Handler
                               PROC
  127 0000001C                 EXPORT           NMI_Handler                    
 [WEAK]
  128 0000001C E7FE            B                .



ARM Macro Assembler    Page 4 


  129 0000001E                 ENDP
  130 0000001E         
  132 0000001E         HardFault_Handler
                               PROC
  133 0000001E                 EXPORT           HardFault_Handler              
 [WEAK]
  134 0000001E E7FE            B                .
  135 00000020                 ENDP
  136 00000020         
  137 00000020         MemManage_Handler
                               PROC
  138 00000020                 EXPORT           MemManage_Handler              
 [WEAK]
  139 00000020 E7FE            B                .
  140 00000022                 ENDP
  141 00000022         
  142 00000022         BusFault_Handler
                               PROC
  143 00000022                 EXPORT           BusFault_Handler               
 [WEAK]
  144 00000022 E7FE            B                .
  145 00000024                 ENDP
  146 00000024         
  147 00000024         UsageFault_Handler
                               PROC
  148 00000024                 EXPORT           UsageFault_Handler             
 [WEAK]
  149 00000024 E7FE            B                .
  150 00000026                 ENDP
  151 00000026         
  152 00000026         SVC_Handler
                               PROC
  153 00000026                 EXPORT           SVC_Handler                    
 [WEAK]
  154 00000026 E7FE            B                .
  155 00000028                 ENDP
  156 00000028         
  157 00000028         DebugMon_Handler
                               PROC
  158 00000028                 EXPORT           DebugMon_Handler               
 [WEAK]
  159 00000028 E7FE            B                .
  160 0000002A                 ENDP
  161 0000002A         
  162 0000002A         PendSV_Handler
                               PROC
  163 0000002A                 EXPORT           PendSV_Handler                 
 [WEAK]
  164 0000002A E7FE            B                .
  165 0000002C                 ENDP
  166 0000002C         
  167 0000002C         SysTick_Handler
                               PROC
  168 0000002C                 EXPORT           SysTick_Handler                
 [WEAK]
  169 0000002C E7FE            B                .
  170 0000002E                 ENDP
  171 0000002E         
  173 0000002E         EXT_GPIO_WAKEUP_IRQHandler



ARM Macro Assembler    Page 5 


                               PROC
  174 0000002E                 EXPORT           EXT_GPIO_WAKEUP_IRQHandler   [W
EAK]
  175 0000002E 482E            LDR              R0, =EXT_GPIO_WAKEUP_DriverIRQH
andler
  176 00000030 4700            BX               R0
  177 00000032                 ENDP
  178 00000032         
  180 00000032         OSC_IRQHandler
                               PROC
  181 00000032                 EXPORT           OSC_IRQHandler               [W
EAK]
  182 00000032 482E            LDR              R0, =OSC_DriverIRQHandler
  183 00000034 4700            BX               R0
  184 00000036                 ENDP
  185 00000036         
  187 00000036         ACMP0_IRQHandler
                               PROC
  188 00000036                 EXPORT           ACMP0_IRQHandler             [W
EAK]
  189 00000036 482E            LDR              R0, =ACMP0_DriverIRQHandler
  190 00000038 4700            BX               R0
  191 0000003A                 ENDP
  192 0000003A         
  194 0000003A         ACMP1_IRQHandler
                               PROC
  195 0000003A                 EXPORT           ACMP1_IRQHandler             [W
EAK]
  196 0000003A 482E            LDR              R0, =ACMP1_DriverIRQHandler
  197 0000003C 4700            BX               R0
  198 0000003E                 ENDP
  199 0000003E         
  201 0000003E         RTC_SEC_IRQHandler
                               PROC
  202 0000003E                 EXPORT           RTC_SEC_IRQHandler           [W
EAK]
  203 0000003E 482E            LDR              R0, =RTC_SEC_DriverIRQHandler
  204 00000040 4700            BX               R0
  205 00000042                 ENDP
  206 00000042         
  208 00000042         RTC_FR_IRQHandler
                               PROC
  209 00000042                 EXPORT           RTC_FR_IRQHandler            [W
EAK]
  210 00000042 482E            LDR              R0, =RTC_FR_DriverIRQHandler
  211 00000044 4700            BX               R0
  212 00000046                 ENDP
  213 00000046         
  215 00000046         CS_WAKEUP_IRQHandler
                               PROC
  216 00000046                 EXPORT           CS_WAKEUP_IRQHandler         [W
EAK]
  217 00000046 482E            LDR              R0, =CS_WAKEUP_DriverIRQHandler
  218 00000048 4700            BX               R0
  219 0000004A                 ENDP
  220 0000004A         
  222 0000004A         CS_IRQHandler
                               PROC
  223 0000004A                 EXPORT           CS_IRQHandler                [W



ARM Macro Assembler    Page 6 


EAK]
  224 0000004A 482E            LDR              R0, =CS_DriverIRQHandler
  225 0000004C 4700            BX               R0
  226 0000004E                 ENDP
  227 0000004E         
  229 0000004E         GPIOA_IRQHandler
                               PROC
  230 0000004E                 EXPORT           GPIOA_IRQHandler             [W
EAK]
  231 0000004E 482E            LDR              R0, =GPIOA_DriverIRQHandler
  232 00000050 4700            BX               R0
  233 00000052                 ENDP
  234 00000052         
  236 00000052         GPIOB_IRQHandler
                               PROC
  237 00000052                 EXPORT           GPIOB_IRQHandler             [W
EAK]
  238 00000052 482E            LDR              R0, =GPIOB_DriverIRQHandler
  239 00000054 4700            BX               R0
  240 00000056                 ENDP
  241 00000056         
  243 00000056         DMA0_IRQHandler
                               PROC
  244 00000056                 EXPORT           DMA0_IRQHandler              [W
EAK]
  245 00000056 482E            LDR              R0, =DMA0_DriverIRQHandler
  246 00000058 4700            BX               R0
  247 0000005A                 ENDP
  248 0000005A         
  250 0000005A         PIN_INT0_IRQHandler
                               PROC
  251 0000005A                 EXPORT           PIN_INT0_IRQHandler         [WE
AK]
  252 0000005A 482E            LDR              R0, =PIN_INT0_DriverIRQHandler
  253 0000005C 4700            BX               R0
  254 0000005E                 ENDP
  255 0000005E         
  257 0000005E         PIN_INT1_IRQHandler
                               PROC
  258 0000005E                 EXPORT           PIN_INT1_IRQHandler         [WE
AK]
  259 0000005E 482E            LDR              R0, =PIN_INT1_DriverIRQHandler
  260 00000060 4700            BX               R0
  261 00000062                 ENDP
  262 00000062         
  264 00000062         PIN_INT2_IRQHandler
                               PROC
  265 00000062                 EXPORT           PIN_INT2_IRQHandler         [WE
AK]
  266 00000062 482E            LDR              R0, =PIN_INT2_DriverIRQHandler
  267 00000064 4700            BX               R0
  268 00000066                 ENDP
  269 00000066         
  271 00000066         PIN_INT3_IRQHandler
                               PROC
  272 00000066                 EXPORT           PIN_INT3_IRQHandler         [WE
AK]
  273 00000066 482E            LDR              R0, =PIN_INT3_DriverIRQHandler
  274 00000068 4700            BX               R0



ARM Macro Assembler    Page 7 


  275 0000006A                 ENDP
  276 0000006A         
  278 0000006A         OSC_INT_LOW_IRQHandler
                               PROC
  279 0000006A                 EXPORT           OSC_INT_LOW_IRQHandler       [W
EAK]
  280 0000006A 482E            LDR              R0, =OSC_INT_LOW_DriverIRQHandl
er
  281 0000006C 4700            BX               R0
  282 0000006E                 ENDP
  283 0000006E         
  285 0000006E         USB0_IRQHandler
                               PROC
  286 0000006E                 EXPORT           USB0_IRQHandler              [W
EAK]
  287 0000006E 482E            LDR              R0, =USB0_DriverIRQHandler
  288 00000070 4700            BX               R0
  289 00000072                 ENDP
  290 00000072         
  292 00000072         FLEXCOMM0_IRQHandler
                               PROC
  293 00000072                 EXPORT           FLEXCOMM0_IRQHandler         [W
EAK]
  294 00000072 482E            LDR              R0, =FLEXCOMM0_DriverIRQHandler
  295 00000074 4700            BX               R0
  296 00000076                 ENDP
  297 00000076         
  299 00000076         FLEXCOMM1_IRQHandler
                               PROC
  300 00000076                 EXPORT           FLEXCOMM1_IRQHandler         [W
EAK]
  301 00000076 482E            LDR              R0, =FLEXCOMM1_DriverIRQHandler
  302 00000078 4700            BX               R0
  303 0000007A                 ENDP
  304 0000007A         
  306 0000007A         FLEXCOMM2_IRQHandler
                               PROC
  307 0000007A                 EXPORT           FLEXCOMM2_IRQHandler         [W
EAK]
  308 0000007A 482E            LDR              R0, =FLEXCOMM2_DriverIRQHandler
  309 0000007C 4700            BX               R0
  310 0000007E                 ENDP
  311 0000007E         
  313 0000007E         FLEXCOMM3_IRQHandler
                               PROC
  314 0000007E                 EXPORT           FLEXCOMM3_IRQHandler         [W
EAK]
  315 0000007E 482E            LDR              R0, =FLEXCOMM3_DriverIRQHandler
  316 00000080 4700            BX               R0
  317 00000082                 ENDP
  318 00000082         
  320 00000082         BLE_IRQHandler
                               PROC
  321 00000082                 EXPORT           BLE_IRQHandler               [W
EAK]
  322 00000082 482E            LDR              R0, =BLE_DriverIRQHandler
  323 00000084 4700            BX               R0
  324 00000086                 ENDP
  325 00000086         



ARM Macro Assembler    Page 8 


  327 00000086         FSP_IRQHandler
                               PROC
  328 00000086                 EXPORT           FSP_IRQHandler               [W
EAK]
  329 00000086 482E            LDR              R0, =FSP_DriverIRQHandler
  330 00000088 4700            BX               R0
  331 0000008A                 ENDP
  332 0000008A         
  334 0000008A         QDEC0_IRQHandler
                               PROC
  335 0000008A                 EXPORT           QDEC0_IRQHandler             [W
EAK]
  336 0000008A 482E            LDR              R0, =QDEC0_DriverIRQHandler
  337 0000008C 4700            BX               R0
  338 0000008E                 ENDP
  339 0000008E         
  341 0000008E         QDEC1_IRQHandler
                               PROC
  342 0000008E                 EXPORT           QDEC1_IRQHandler             [W
EAK]
  343 0000008E 482E            LDR              R0, =QDEC1_DriverIRQHandler
  344 00000090 4700            BX               R0
  345 00000092                 ENDP
  346 00000092         
  348 00000092         CTIMER0_IRQHandler
                               PROC
  349 00000092                 EXPORT           CTIMER0_IRQHandler           [W
EAK]
  350 00000092 482E            LDR              R0, =CTIMER0_DriverIRQHandler
  351 00000094 4700            BX               R0
  352 00000096                 ENDP
  353 00000096         
  355 00000096         CTIMER1_IRQHandler
                               PROC
  356 00000096                 EXPORT           CTIMER1_IRQHandler           [W
EAK]
  357 00000096 482E            LDR              R0, =CTIMER1_DriverIRQHandler
  358 00000098 4700            BX               R0
  359 0000009A                 ENDP
  360 0000009A         
  362 0000009A         CTIMER2_IRQHandler
                               PROC
  363 0000009A                 EXPORT           CTIMER2_IRQHandler           [W
EAK]
  364 0000009A 482E            LDR              R0, =CTIMER2_DriverIRQHandler
  365 0000009C 4700            BX               R0
  366 0000009E                 ENDP
  367 0000009E         
  369 0000009E         CTIMER3_IRQHandler
                               PROC
  370 0000009E                 EXPORT           CTIMER3_IRQHandler           [W
EAK]
  371 0000009E 482E            LDR              R0, =CTIMER3_DriverIRQHandler
  372 000000A0 4700            BX               R0
  373 000000A2                 ENDP
  374 000000A2         
  376 000000A2         WDT_IRQHandler
                               PROC
  377 000000A2                 EXPORT           WDT_IRQHandler               [W



ARM Macro Assembler    Page 9 


EAK]
  378 000000A2 482E            LDR              R0, =WDT_DriverIRQHandler
  379 000000A4 4700            BX               R0
  380 000000A6                 ENDP
  381 000000A6         
  383 000000A6         ADC_IRQHandler
                               PROC
  384 000000A6                 EXPORT           ADC_IRQHandler               [W
EAK]
  385 000000A6 482E            LDR              R0, =ADC_DriverIRQHandler
  386 000000A8 4700            BX               R0
  387 000000AA                 ENDP
  388 000000AA         
  390 000000AA         DAC_IRQHandler
                               PROC
  391 000000AA                 EXPORT           DAC_IRQHandler               [W
EAK]
  392 000000AA 482E            LDR              R0, =DAC_DriverIRQHandler
  393 000000AC 4700            BX               R0
  394 000000AE                 ENDP
  395 000000AE         
  397 000000AE         XTAL_READY_IRQHandler
                               PROC
  398 000000AE                 EXPORT           XTAL_READY_IRQHandler        [W
EAK]
  399 000000AE 482E            LDR              R0, =XTAL_READY_DriverIRQHandle
r
  400 000000B0 4700            BX               R0
  401 000000B2                 ENDP
  402 000000B2         
  404 000000B2         FLASH_IRQHandler
                               PROC
  405 000000B2                 EXPORT           FLASH_IRQHandler             [W
EAK]
  406 000000B2 482E            LDR              R0, =FLASH_DriverIRQHandler
  407 000000B4 4700            BX               R0
  408 000000B6                 ENDP
  409 000000B6         
  411 000000B6         SPIFI0_IRQHandler
                               PROC
  412 000000B6                 EXPORT           SPIFI0_IRQHandler            [W
EAK]
  413 000000B6 482E            LDR              R0, =SPIFI0_DriverIRQHandler
  414 000000B8 4700            BX               R0
  415 000000BA                 ENDP
  416 000000BA         
  418 000000BA         SCT0_IRQHandler
                               PROC
  419 000000BA                 EXPORT           SCT0_IRQHandler              [W
EAK]
  420 000000BA 482E            LDR              R0, =SCT0_DriverIRQHandler
  421 000000BC 4700            BX               R0
  422 000000BE                 ENDP
  423 000000BE         
  425 000000BE         RNG_IRQHandler
                               PROC
  426 000000BE                 EXPORT           RNG_IRQHandler               [W
EAK]
  427 000000BE 482E            LDR              R0, =RNG_DriverIRQHandler



ARM Macro Assembler    Page 10 


  428 000000C0 4700            BX               R0
  429 000000C2                 ENDP
  430 000000C2         
  432 000000C2         CALIB_IRQHandler
                               PROC
  433 000000C2                 EXPORT           CALIB_IRQHandler             [W
EAK]
  434 000000C2 482E            LDR              R0, =CALIB_DriverIRQHandler
  435 000000C4 4700            BX               R0
  436 000000C6                 ENDP
  437 000000C6         
  439 000000C6         BLE_TX_IRQHandler
                               PROC
  440 000000C6                 EXPORT           BLE_TX_IRQHandler            [W
EAK]
  441 000000C6 482E            LDR              R0, =BLE_TX_DriverIRQHandler
  442 000000C8 4700            BX               R0
  443 000000CA                 ENDP
  444 000000CA         
  446 000000CA         BLE_RX_IRQHandler
                               PROC
  447 000000CA                 EXPORT           BLE_RX_IRQHandler            [W
EAK]
  448 000000CA 482E            LDR              R0, =BLE_RX_DriverIRQHandler
  449 000000CC 4700            BX               R0
  450 000000CE                 ENDP
  451 000000CE         
  453 000000CE         BLE_FREQ_HOP_IRQHandler
                               PROC
  454 000000CE                 EXPORT           BLE_FREQ_HOP_IRQHandler      [W
EAK]
  455 000000CE 482E            LDR              R0, =BLE_FREQ_HOP_DriverIRQHand
ler
  456 000000D0 4700            BX               R0
  457 000000D2                 ENDP
  458 000000D2         
  460 000000D2         BOD_IRQHandler
                               PROC
  461 000000D2                 EXPORT           BOD_IRQHandler               [W
EAK]
  462 000000D2 482E            LDR              R0, =BOD_DriverIRQHandler
  463 000000D4 4700            BX               R0
  464 000000D6                 ENDP
  465 000000D6         
  466 000000D6         Default_Handler
                               PROC
  467 000000D6                 EXPORT           EXT_GPIO_WAKEUP_DriverIRQHandle
r     [WEAK]
  468 000000D6                 EXPORT           OSC_DriverIRQHandler           
      [WEAK]
  469 000000D6                 EXPORT           ACMP0_DriverIRQHandler         
      [WEAK]
  470 000000D6                 EXPORT           ACMP1_DriverIRQHandler         
      [WEAK]
  471 000000D6                 EXPORT           RTC_SEC_DriverIRQHandler       
      [WEAK]
  472 000000D6                 EXPORT           RTC_FR_DriverIRQHandler        
      [WEAK]
  473 000000D6                 EXPORT           CS_WAKEUP_DriverIRQHandler     



ARM Macro Assembler    Page 11 


      [WEAK]
  474 000000D6                 EXPORT           CS_DriverIRQHandler            
      [WEAK]
  475 000000D6                 EXPORT           GPIOA_DriverIRQHandler         
      [WEAK]
  476 000000D6                 EXPORT           GPIOB_DriverIRQHandler         
      [WEAK]
  477 000000D6                 EXPORT           DMA0_DriverIRQHandler          
      [WEAK]
  478 000000D6                 EXPORT           PIN_INT0_DriverIRQHandler      
      [WEAK]
  479 000000D6                 EXPORT           PIN_INT1_DriverIRQHandler      
      [WEAK]
  480 000000D6                 EXPORT           PIN_INT2_DriverIRQHandler      
      [WEAK]
  481 000000D6                 EXPORT           PIN_INT3_DriverIRQHandler      
      [WEAK]
  482 000000D6                 EXPORT           OSC_INT_LOW_DriverIRQHandler   
      [WEAK]
  483 000000D6                 EXPORT           USB0_DriverIRQHandler          
      [WEAK]
  484 000000D6                 EXPORT           FLEXCOMM0_DriverIRQHandler     
      [WEAK]
  485 000000D6                 EXPORT           FLEXCOMM1_DriverIRQHandler     
      [WEAK]
  486 000000D6                 EXPORT           FLEXCOMM2_DriverIRQHandler     
      [WEAK]
  487 000000D6                 EXPORT           FLEXCOMM3_DriverIRQHandler     
      [WEAK]
  488 000000D6                 EXPORT           BLE_DriverIRQHandler           
      [WEAK]
  489 000000D6                 EXPORT           FSP_DriverIRQHandler           
      [WEAK]
  490 000000D6                 EXPORT           QDEC0_DriverIRQHandler         
      [WEAK]
  491 000000D6                 EXPORT           QDEC1_DriverIRQHandler         
      [WEAK]
  492 000000D6                 EXPORT           CTIMER0_DriverIRQHandler       
      [WEAK]
  493 000000D6                 EXPORT           CTIMER1_DriverIRQHandler       
      [WEAK]
  494 000000D6                 EXPORT           CTIMER2_DriverIRQHandler       
      [WEAK]
  495 000000D6                 EXPORT           CTIMER3_DriverIRQHandler       
      [WEAK]
  496 000000D6                 EXPORT           WDT_DriverIRQHandler           
      [WEAK]
  497 000000D6                 EXPORT           ADC_DriverIRQHandler           
      [WEAK]
  498 000000D6                 EXPORT           DAC_DriverIRQHandler           
      [WEAK]
  499 000000D6                 EXPORT           XTAL_READY_DriverIRQHandler    
      [WEAK]
  500 000000D6                 EXPORT           FLASH_DriverIRQHandler         
      [WEAK]
  501 000000D6                 EXPORT           SPIFI0_DriverIRQHandler        
      [WEAK]
  502 000000D6                 EXPORT           SCT0_DriverIRQHandler          
      [WEAK]



ARM Macro Assembler    Page 12 


  503 000000D6                 EXPORT           RNG_DriverIRQHandler           
      [WEAK]
  504 000000D6                 EXPORT           CALIB_DriverIRQHandler         
      [WEAK]
  505 000000D6                 EXPORT           BLE_TX_DriverIRQHandler        
      [WEAK]
  506 000000D6                 EXPORT           BLE_RX_DriverIRQHandler        
      [WEAK]
  507 000000D6                 EXPORT           BLE_FREQ_HOP_DriverIRQHandler  
      [WEAK]
  508 000000D6                 EXPORT           BOD_DriverIRQHandler           
      [WEAK]
  509 000000D6         
  510 000000D6         EXT_GPIO_WAKEUP_DriverIRQHandler
  511 000000D6         OSC_DriverIRQHandler
  512 000000D6         ACMP0_DriverIRQHandler
  513 000000D6         ACMP1_DriverIRQHandler
  514 000000D6         RTC_SEC_DriverIRQHandler
  515 000000D6         RTC_FR_DriverIRQHandler
  516 000000D6         CS_WAKEUP_DriverIRQHandler
  517 000000D6         CS_DriverIRQHandler
  518 000000D6         GPIOA_DriverIRQHandler
  519 000000D6         GPIOB_DriverIRQHandler
  520 000000D6         DMA0_DriverIRQHandler
  521 000000D6         PIN_INT0_DriverIRQHandler
  522 000000D6         PIN_INT1_DriverIRQHandler
  523 000000D6         PIN_INT2_DriverIRQHandler
  524 000000D6         PIN_INT3_DriverIRQHandler
  525 000000D6         OSC_INT_LOW_DriverIRQHandler
  526 000000D6         USB0_DriverIRQHandler
  527 000000D6         FLEXCOMM0_DriverIRQHandler
  528 000000D6         FLEXCOMM1_DriverIRQHandler
  529 000000D6         FLEXCOMM2_DriverIRQHandler
  530 000000D6         FLEXCOMM3_DriverIRQHandler
  531 000000D6         BLE_DriverIRQHandler
  532 000000D6         FSP_DriverIRQHandler
  533 000000D6         QDEC0_DriverIRQHandler
  534 000000D6         QDEC1_DriverIRQHandler
  535 000000D6         CTIMER0_DriverIRQHandler
  536 000000D6         CTIMER1_DriverIRQHandler
  537 000000D6         CTIMER2_DriverIRQHandler
  538 000000D6         CTIMER3_DriverIRQHandler
  539 000000D6         WDT_DriverIRQHandler
  540 000000D6         ADC_DriverIRQHandler
  541 000000D6         DAC_DriverIRQHandler
  542 000000D6         XTAL_READY_DriverIRQHandler
  543 000000D6         FLASH_DriverIRQHandler
  544 000000D6         SPIFI0_DriverIRQHandler
  545 000000D6         SCT0_DriverIRQHandler
  546 000000D6         RNG_DriverIRQHandler
  547 000000D6         CALIB_DriverIRQHandler
  548 000000D6         BLE_TX_DriverIRQHandler
  549 000000D6         BLE_RX_DriverIRQHandler
  550 000000D6         BLE_FREQ_HOP_DriverIRQHandler
  551 000000D6         BOD_DriverIRQHandler
  552 000000D6         
  553 000000D6         
  554 000000D6 E7FE            B                .
  555 000000D8         



ARM Macro Assembler    Page 13 


  556 000000D8                 ENDP
  557 000000D8         
  558 000000D8         
  559 000000D8                 ALIGN
  560 000000D8         
  561 000000D8         
  562 000000D8                 END
              40000014 
              00000000 
              00000000 
              00000000 
              00000000 
              00000000 
              00000000 
              00000000 
              00000000 
              00000000 
              00000000 
              00000000 
              00000000 
              00000000 
              00000000 
              00000000 
              00000000 
              00000000 
              00000000 
              00000000 
              00000000 
              00000000 
              00000000 
              00000000 
              00000000 
              00000000 
              00000000 
              00000000 
              00000000 
              00000000 
              00000000 
              00000000 
              00000000 
              00000000 
              00000000 
              00000000 
              00000000 
              00000000 
              00000000 
              00000000 
              00000000 
              00000000 
              00000000 
              00000000 
              00000000 
              00000000 
Command Line: --debug --diag_suppress=9931 --cpu=Cortex-M4.fp --apcs=interwork 
--depend=debug\startup_qn908xc.d -odebug\startup_qn908xc.o -ID:\Documents\NXP\S
DK\boards\qn908xcdk\wireless_examples\bluetooth\NBLE_DEMO_GIT\bm\mdk\RTE -IC:\K
eil\ARM\PACK\NXP\QN908x_DFP\1.1.5\Device\Include -IC:\Keil\ARM\CMSIS\Include --
predefine="__MICROLIB SETA 1" --predefine="__UVISION_VERSION SETA 520" --predef
ine="DEBUG SETA 1" --list=.\output\startup_qn908xc.lst ../../../../../../../dev



ARM Macro Assembler    Page 14 


ices/QN908XC/arm/startup_QN908XC.s
